SF:lib/features/auth/data/datasources/auth_remote_datasource.dart
DA:13,0
DA:15,0
DA:17,0
DA:21,0
DA:22,0
DA:25,0
DA:27,0
DA:30,0
DA:32,0
DA:34,0
LF:10
LH:0
end_of_record
SF:lib/features/auth/data/models/user_model.dart
DA:4,1
DA:6,0
DA:7,0
DA:8,0
DA:9,0
LF:5
LH:1
end_of_record
SF:lib/features/auth/data/repositories/auth_repository_impl.dart
DA:7,1
DA:9,1
DA:11,2
DA:12,1
DA:15,1
DA:17,2
DA:20,1
DA:22,2
DA:23,1
LF:9
LH:9
end_of_record
SF:lib/features/auth/domain/entities/user_entity.dart
DA:5,1
LF:1
LH:1
end_of_record
SF:lib/features/dashboard/domain/entities/profile_entity.dart
DA:6,1
LF:1
LH:1
end_of_record
SF:lib/features/dashboard/domain/usecases/get_profile_usecase.dart
DA:7,0
DA:9,0
DA:10,0
LF:3
LH:0
end_of_record
SF:lib/features/dashboard/presentation/bloc/dashboard_event.dart
DA:4,0
DA:5,0
DA:10,1
LF:3
LH:1
end_of_record
SF:lib/features/dashboard/presentation/bloc/dashboard_bloc.dart
DA:12,3
DA:13,2
DA:16,1
DA:17,2
DA:19,3
DA:21,2
DA:23,2
DA:26,3
LF:8
LH:8
end_of_record
SF:lib/features/dashboard/presentation/bloc/dashboard_state.dart
DA:4,0
DA:5,0
DA:12,1
DA:16,1
LF:4
LH:2
end_of_record
SF:lib/features/auth/presentation/bloc/auth_state.dart
DA:4,1
DA:5,1
DA:12,1
DA:16,1
LF:4
LH:4
end_of_record
SF:lib/features/auth/presentation/bloc/auth_event.dart
DA:4,0
DA:5,0
DA:11,1
LF:3
LH:1
end_of_record
SF:lib/features/auth/presentation/bloc/auth_bloc.dart
DA:11,3
DA:12,2
DA:15,1
DA:16,2
DA:18,2
DA:19,1
DA:20,1
DA:22,2
DA:24,3
LF:9
LH:9
end_of_record
SF:lib/features/notifications/domain/usecases/get_device_token_usecase.dart
DA:6,0
DA:8,0
LF:2
LH:0
end_of_record
SF:lib/features/notifications/domain/usecases/subscribe_to_topic_usecase.dart
DA:6,0
DA:8,0
LF:2
LH:0
end_of_record
SF:lib/features/notifications/presentation/bloc/notification_bloc.dart
DA:13,1
DA:14,2
DA:15,2
DA:16,2
DA:19,1
DA:21,2
DA:23,2
DA:24,2
DA:26,3
DA:30,1
DA:33,3
DA:35,3
LF:12
LH:12
end_of_record
SF:lib/features/notifications/presentation/bloc/notification_event.dart
DA:4,0
DA:5,0
DA:11,1
LF:3
LH:1
end_of_record
SF:lib/features/notifications/presentation/bloc/notification_state.dart
DA:4,0
DA:5,0
DA:12,1
DA:16,1
LF:4
LH:2
end_of_record
