SF:lib/features/auth/data/datasources/auth_remote_datasource.dart
DA:13,1
DA:15,1
DA:17,3
DA:21,2
DA:22,3
DA:25,1
DA:27,3
DA:30,1
DA:32,3
DA:34,2
LF:10
LH:10
end_of_record
SF:lib/features/auth/data/models/user_model.dart
DA:4,4
DA:6,2
DA:7,2
DA:8,2
DA:9,2
LF:5
LH:5
end_of_record
SF:lib/features/auth/domain/entities/user_entity.dart
DA:5,4
LF:1
LH:1
end_of_record
SF:lib/features/auth/data/repositories/auth_repository_impl.dart
DA:7,2
DA:9,2
DA:12,4
DA:13,2
DA:16,2
DA:18,4
DA:21,2
DA:23,4
DA:24,2
LF:9
LH:9
end_of_record
SF:lib/features/auth/domain/usecases/login_usecase.dart
DA:6,1
DA:8,1
DA:9,2
LF:3
LH:3
end_of_record
SF:lib/features/auth/presentation/bloc/auth_state.dart
DA:4,1
DA:5,1
DA:14,3
DA:19,3
LF:4
LH:4
end_of_record
SF:lib/features/auth/presentation/bloc/auth_event.dart
DA:4,1
DA:5,1
DA:11,3
LF:3
LH:3
end_of_record
SF:lib/features/auth/presentation/bloc/auth_bloc.dart
DA:11,6
DA:12,4
DA:15,2
DA:16,4
DA:18,4
DA:19,2
DA:20,2
DA:22,4
DA:24,6
LF:9
LH:9
end_of_record
SF:lib/features/auth/presentation/pages/login_page.dart
DA:6,0
DA:8,1
DA:9,1
DA:17,1
DA:19,2
DA:20,2
DA:21,1
DA:24,1
DA:25,3
DA:26,3
DA:27,1
DA:28,3
DA:29,3
DA:35,1
DA:37,1
DA:38,1
DA:39,1
DA:40,1
DA:41,2
DA:42,3
DA:46,1
DA:47,1
DA:51,1
DA:53,1
DA:54,1
DA:55,1
DA:56,1
DA:57,1
DA:59,1
DA:60,1
DA:63,3
DA:66,1
DA:67,1
DA:72,1
DA:73,1
DA:76,1
DA:77,1
DA:83,1
DA:84,1
DA:87,1
DA:88,1
LF:41
LH:40
end_of_record
SF:lib/features/dashboard/data/datasources/dashboard_remote_datasource.dart
DA:11,0
DA:13,0
DA:16,0
DA:18,0
LF:4
LH:0
end_of_record
SF:lib/features/dashboard/data/models/profile_model.dart
DA:4,1
DA:10,0
DA:11,0
DA:12,0
DA:13,0
DA:14,0
LF:6
LH:1
end_of_record
SF:lib/features/dashboard/data/repositories/dashboard_repository_impl.dart
DA:8,1
DA:10,1
DA:12,2
LF:3
LH:3
end_of_record
SF:lib/features/dashboard/domain/entities/profile_entity.dart
DA:6,2
LF:1
LH:1
end_of_record
SF:lib/features/dashboard/domain/usecases/get_profile_usecase.dart
DA:7,0
DA:9,0
DA:10,0
LF:3
LH:0
end_of_record
SF:lib/features/dashboard/presentation/bloc/dashboard_event.dart
DA:4,0
DA:5,0
DA:10,1
LF:3
LH:1
end_of_record
SF:lib/features/dashboard/presentation/bloc/dashboard_bloc.dart
DA:12,3
DA:13,2
DA:16,1
DA:18,2
DA:20,3
DA:22,2
DA:24,2
DA:27,3
LF:8
LH:8
end_of_record
SF:lib/features/dashboard/presentation/bloc/dashboard_state.dart
DA:4,0
DA:5,0
DA:14,1
DA:19,1
LF:4
LH:2
end_of_record
SF:lib/features/notifications/data/datasources/notification_remote_datasource.dart
DA:11,0
DA:13,0
DA:14,0
DA:16,0
DA:18,0
LF:5
LH:0
end_of_record
SF:lib/features/notifications/data/repositories/notification_repository_impl.dart
DA:7,1
DA:9,1
DA:10,2
DA:12,1
DA:13,2
LF:5
LH:5
end_of_record
SF:lib/features/notifications/domain/usecases/get_device_token_usecase.dart
DA:6,0
DA:8,0
LF:2
LH:0
end_of_record
SF:lib/features/notifications/domain/usecases/subscribe_to_topic_usecase.dart
DA:6,0
DA:8,0
LF:2
LH:0
end_of_record
SF:lib/features/notifications/presentation/bloc/notification_bloc.dart
DA:13,1
DA:14,2
DA:15,2
DA:16,2
DA:19,1
DA:21,2
DA:23,2
DA:24,2
DA:26,3
DA:30,1
DA:33,3
DA:35,3
LF:12
LH:12
end_of_record
SF:lib/features/notifications/presentation/bloc/notification_event.dart
DA:4,0
DA:5,0
DA:12,1
LF:3
LH:1
end_of_record
SF:lib/features/notifications/presentation/bloc/notification_state.dart
DA:4,0
DA:5,0
DA:14,1
DA:19,1
LF:4
LH:2
end_of_record
